Resolving dependencies...
Downloading packages...
  app_links 7.2.0 (7.2.1 available)
  app_links_platform_interface 2.0.3 (2.0.4 available)
  cli_util 0.4.2 (0.5.2 available)
  dbus 0.7.13 (0.7.14 available)
  extension 0.6.0 (1.0.0 available)
  flutter_dotenv 5.2.1 (6.0.1 available)
  flutter_launcher_icons 0.13.1 (0.14.4 available)
  flutter_lints 4.0.0 (6.0.0 available)
  freezed_annotation 2.4.4 (3.1.0 available)
  go_router 14.8.1 (17.3.0 available)
  lints 4.0.0 (6.1.0 available)
  matcher 0.12.19 (0.12.20 available)
  meta 1.18.0 (1.19.0 available)
  package_info_plus 9.0.1 (10.2.1 available)
  package_info_plus_platform_interface 3.2.1 (4.1.0 available)
  passkeys_platform_interface 2.8.0 (2.9.0 available)
  posix 6.5.0 (6.5.2 available)
  shared_preferences_android 2.4.26 (2.4.27 available)
  synchronized 3.4.1 (3.4.1+1 available)
  test_api 0.7.11 (0.7.13 available)
  uuid 4.5.3 (4.6.0 available)
  vector_math 2.2.0 (2.4.1 available)
  win32 5.15.0 (6.3.0 available)
Got dependencies!
23 packages have newer versions incompatible with dependency constraints.
Try `flutter pub outdated` for more information.
